crypto/bcrypt: hashedPassword is not the hash of the given password
crypto/bcrypt: hashedPassword is not the hash of the given password
crypto/bcrypt: hashedSecret too short to be a bcrypted password
crypto/bcrypt: hashedPassword is not the hash of the given password
crypto/bcrypt: hashedPassword is not the hash of the given password
crypto/bcrypt: hashedPassword is not the hash of the given password
crypto/bcrypt: hashedPassword is not the hash of the given password
crypto/bcrypt: hashedPassword is not the hash of the given password
crypto/bcrypt: hashedPassword is not the hash of the given password
crypto/bcrypt: hashedPassword is not the hash of the given password
crypto/bcrypt: hashedPassword is not the hash of the given password
crypto/bcrypt: hashedPassword is not the hash of the given password
Error 1451 (23000): Cannot delete or update a parent row: a foreign key constraint fails (`scorely`.`teachers`, CONSTRAINT `fk_users_teacher` FOREIGN KEY (`user_id`) REFERENCES `users` (`id_user`))
Error 1451 (23000): Cannot delete or update a parent row: a foreign key constraint fails (`scorely`.`teachers`, CONSTRAINT `fk_users_teacher` FOREIGN KEY (`user_id`) REFERENCES `users` (`id_user`))
crypto/bcrypt: hashedPassword is not the hash of the given password
Error 1049 (42000): Unknown database 'scorely'
sql: Scan called without calling Next
Roles: unsupported relations for schema Users
Error 1054 (42S22): Unknown column 'subjects.id_subjects' in 'on clause'
unsupported data type: 0xc00040d1c0: Table not set, please set it like: db.Model(&user) or db.Table("users")
